<?xml version="1.0" encoding="UTF-8"?>
<testsuite name="edu.handong.csee.pp1.bigdata.lab1_1.CalculatorTest" tests="1" skipped="0" failures="0" errors="0" timestamp="2018-10-02T11:33:54" hostname="DESKTOP-0HFGALK" time="0.004">
  <properties/>
  <testcase name="testSum" classname="edu.handong.csee.pp1.bigdata.lab1_1.CalculatorTest" time="0.004"/>
  <system-out><![CDATA[]]></system-out>
  <system-err><![CDATA[]]></system-err>
</testsuite>
